<?xml version="1.0" encoding="UTF-8"?>
<!DOCTYPE html PUBLIC "-//W3C//DTD XHTML 1.0 Strict//EN" "http://www.w3.org/TR/xhtml1/DTD/xhtml1-strict.dtd">
<html xmlns="http://www.w3.org/1999/xhtml">
<head>
    <title>UI自动化测试报告</title>
    <meta name="generator" content="HTMLTestRunner 0.8.3"/>
    <meta http-equiv="Content-Type" content="text/html; charset=UTF-8"/>
    
<style type="text/css" media="screen">
body        { font-family: verdana, arial, helvetica, sans-serif; font-size: 80%; }
table       { font-size: 100%; }
pre         { word-wrap:break-word;word-break:break-all;overflow:auto;}
/* -- heading ---------------------------------------------------------------------- */
h1 {
	font-size: 16pt;
	color: gray;
}
.heading {
    margin-top: 0ex;
    margin-bottom: 1ex;
}

.heading .attribute {
    margin-top: 1ex;
    margin-bottom: 0;
}

.heading .description {
    margin-top: 2ex;
    margin-bottom: 3ex;
}

/* -- css div popup ------------------------------------------------------------------------ */
a.popup_link {
}

a.popup_link:hover {
    color: red;
}

.popup_window {
    display: none;
    position: relative;
    left: 0px;
    top: 0px;
    /*border: solid #627173 1px; */
    padding: 10px;
    background-color: #E6E6D6;
    font-family: "Lucida Console", "Courier New", Courier, monospace;
    text-align: left;
    font-size: 8pt;
    /* width: 500px;*/
}

}
/* -- report ------------------------------------------------------------------------ */
#show_detail_line {
    margin-top: 3ex;
    margin-bottom: 1ex;
}
#result_table {
    width: 99%;
}
#header_row {
    font-weight: bold;
    color: white;
    background-color: #777;
}
#total_row  { font-weight: bold; }
.passClass  { background-color: #74A474; }
.failClass  { background-color: #FDD283; }
.errorClass { background-color: #FF6600; }
.passCase   { color: #6c6; }
.failCase   { color: #FF6600; font-weight: bold; }
.errorCase  { color: #c00; font-weight: bold; }
.hiddenRow  { display: none; }
.testcase   { margin-left: 2em; }


/* -- ending ---------------------------------------------------------------------- */
#ending {
}

#div_base {
            position:absolute;
            top:0%;
            left:5%;
            right:5%;
            width: auto;
            height: auto;
            margin: -15px 0 0 0;
}
</style>

    <link href="http://cdn.bootcss.com/bootstrap/3.3.0/css/bootstrap.min.css" rel="stylesheet">
</head>
<body>
<script language="javascript" type="text/javascript"><!--
output_list = Array();

/* level - 0:Summary; 1:Failed; 2:All */
function showCase(level) {
    trs = document.getElementsByTagName("tr");
    for (var i = 0; i < trs.length; i++) {
        tr = trs[i];
        id = tr.id;
        if (id.substr(0,2) == 'ft') {
            if (level < 1) {
                tr.className = 'hiddenRow';
            }
            else {
                tr.className = '';
            }
        }
        if (id.substr(0,2) == 'pt') {
            if (level > 1) {
                tr.className = '';
            }
            else {
                tr.className = 'hiddenRow';
            }
        }
    }
}


function showClassDetail(cid, count) {
    var id_list = Array(count);
    var toHide = 1;
    for (var i = 0; i < count; i++) {
        tid0 = 't' + cid.substr(1) + '.' + (i+1);
        tid = 'f' + tid0;
        tr = document.getElementById(tid);
        if (!tr) {
            tid = 'p' + tid0;
            tr = document.getElementById(tid);
        }
        id_list[i] = tid;
        if (tr.className) {
            toHide = 0;
        }
    }
    for (var i = 0; i < count; i++) {
        tid = id_list[i];
        if (toHide) {
            document.getElementById('div_'+tid).style.display = 'none'
            document.getElementById(tid).className = 'hiddenRow';
        }
        else {
            document.getElementById(tid).className = '';
        }
    }
}


function showTestDetail(div_id){
    var details_div = document.getElementById(div_id)
    var displayState = details_div.style.display
    // alert(displayState)
    if (displayState != 'block' ) {
        displayState = 'block'
        details_div.style.display = 'block'
    }
    else {
        details_div.style.display = 'none'
    }
}


function html_escape(s) {
    s = s.replace(/&/g,'&amp;');
    s = s.replace(/</g,'&lt;');
    s = s.replace(/>/g,'&gt;');
    return s;
}

/* obsoleted by detail in <div>
function showOutput(id, name) {
    var w = window.open("", //url
                    name,
                    "resizable,scrollbars,status,width=800,height=450");
    d = w.document;
    d.write("<pre>");
    d.write(html_escape(output_list[id]));
    d.write("\n");
    d.write("<a href='javascript:window.close()'>close</a>\n");
    d.write("</pre>\n");
    d.close();
}
*/
--></script>
<div id="div_base">

<div class='page-header'>
<h1>UI自动化测试报告</h1>
<p class='attribute'><strong>开始时间:</strong> 2017-12-07 10:08:13</p>
<p class='attribute'><strong>运行时长:</strong> 0:01:34.302672</p>
<p class='attribute'><strong>状态:</strong> 失败 1 错误 6</p>

</div>
<p class='description'>Test the import testcase</p>



<div class="btn-group btn-group-sm">
<button class="btn btn-default" onclick='javascript:showCase(0)'>概括</button>
<button class="btn btn-default" onclick='javascript:showCase(1)'>失败</button>
<button class="btn btn-default" onclick='javascript:showCase(2)'>全部</button>
</div>
<p></p>
<table id='result_table' class="table table-bordered">
<colgroup>
<col align='left' />
<col align='right' />
<col align='right' />
<col align='right' />
<col align='right' />
<col align='right' />
</colgroup>
<tr id='header_row'>
    <td>测试套件/测试用例</td>
    <td>总数</td>
    <td>通过</td>
    <td>失败</td>
    <td>错误</td>
    <td>查看</td>
</tr>

<tr class='errorClass'>
    <td>test_RegisterAndLogin.TestHuiyin: DAE注册登录功能测试</td>
    <td>7</td>
    <td>0</td>
    <td>1</td>
    <td>6</td>
    <td><a href="javascript:showClassDetail('c1',7)">详情</a></td>
</tr>

<tr id='ft1.1' class='none'>
    <td class='failCase'><div class='testcase'>test_a_login: 登录功能测试</div></td>
    <td colspan='5' align='center'>

    <!--css div popup start-->
    <a class="popup_link" onfocus='this.blur();' href="javascript:showTestDetail('div_ft1.1')" >
        失败</a>

    <div id='div_ft1.1' class="popup_window">
        <div style='text-align: right; color:red;cursor:pointer'>
        <a onfocus='this.blur();' onclick="document.getElementById('div_ft1.1').style.display = 'none' " >
           [x]</a>
        </div>
        <pre>
        
ft1.1: 2017-12-07 10:08:13,410 - root - INFO - ############################### START ###############################
2017-12-07 10:08:17,100 - root - INFO - SUCCESS    Start a new browser: chrome, Spend 3.688941478729248 seconds
2017-12-07 10:08:18,533 - root - INFO - SUCCESS    Navigated to http://testing-wallet.intranet.szjys.com, Spend 1.4320313930511475 seconds
2017-12-07 10:08:19,705 - root - INFO - SUCCESS    Set browser window maximized, Spend 1.1716117858886719 seconds
2017-12-07 10:08:19,952 - root - INFO - SUCCESS    Clicked element: &lt;link_text-&gt;登录&gt;, Spend 0.24537444114685059 seconds
2017-12-07 10:08:21,996 - root - INFO - SUCCESS    Element &lt;name-&gt;email&gt; type content: yangmengying8977@dingtalk.com,and sleep 0.5 seconds,input ENTER key, Spend 2.043210744857788 seconds
2017-12-07 10:08:22,073 - root - INFO - SUCCESS    Clicked element: &lt;name-&gt;password&gt;, Spend 0.07604074478149414 seconds
2017-12-07 10:08:22,169 - root - INFO - SUCCESS    Typed element: &lt;name-&gt;password&gt; content: test123, Spend 0.09525275230407715 seconds
2017-12-07 10:08:22,380 - root - INFO - SUCCESS    Typed element: &lt;name-&gt;imageCode&gt; content: ['s', '9', '5', '7'], Spend 0.10477995872497559 seconds
2017-12-07 10:08:32,491 - root - INFO - SUCCESS    Get current window url, Spend 0.01304006576538086 seconds
2017-12-07 10:08:35,560 - root - INFO - SUCCESS    Closed all window and quit the driver, Spend 3.067248582839966 seconds
2017-12-07 10:08:35,560 - root - INFO - ###############################  End  ###############################
Traceback (most recent call last):
  File "F:\DAE钱包\testcase\test_RegisterAndLogin.py", line 62, in test_a_login
    self.assertEqual(self.dr.get_url(),'http://testing-wallet.intranet.szjys.com/wallet')
AssertionError: 'http://testing-wallet.intranet.szjys.com/login' != 'http://testing-wallet.intranet.szjys.com/wallet'
- http://testing-wallet.intranet.szjys.com/login
?                                           ^^^^
+ http://testing-wallet.intranet.szjys.com/wallet
?                                          ++ ^^^



        </pre>
    </div>
    <!--css div popup end-->

    </td>
</tr>

<tr id='ft1.2' class='none'>
    <td class='errorCase'><div class='testcase'>test_b_emailIncludeIllegalChars: 注册功能测试--邮箱账号包含特殊字符</div></td>
    <td colspan='5' align='center'>

    <!--css div popup start-->
    <a class="popup_link" onfocus='this.blur();' href="javascript:showTestDetail('div_ft1.2')" >
        错误</a>

    <div id='div_ft1.2' class="popup_window">
        <div style='text-align: right; color:red;cursor:pointer'>
        <a onfocus='this.blur();' onclick="document.getElementById('div_ft1.2').style.display = 'none' " >
           [x]</a>
        </div>
        <pre>
        
ft1.2: 2017-12-07 10:08:35,562 - root - INFO - ############################### START ###############################
2017-12-07 10:08:39,275 - root - INFO - SUCCESS    Start a new browser: chrome, Spend 3.7114479541778564 seconds
2017-12-07 10:08:40,767 - root - INFO - SUCCESS    Navigated to http://testing-wallet.intranet.szjys.com, Spend 1.4921176433563232 seconds
2017-12-07 10:08:41,958 - root - INFO - SUCCESS    Set browser window maximized, Spend 1.1900691986083984 seconds
2017-12-07 10:08:42,169 - root - INFO - SUCCESS    Clicked element: &lt;link_text-&gt;注册&gt;, Spend 0.21022415161132812 seconds
2017-12-07 10:08:43,994 - root - INFO - SUCCESS    Element &lt;name-&gt;username&gt; type content: yangyangyang,and sleep 0.5 seconds,input ENTER key, Spend 1.825016975402832 seconds
2017-12-07 10:08:44,712 - root - INFO - SUCCESS    Element &lt;name-&gt;email&gt; type content: 123rjfkd！@#￥f,d,and sleep 0.5 seconds,input ENTER key, Spend 0.7157387733459473 seconds
2017-12-07 10:08:47,764 - root - INFO - SUCCESS    Closed all window and quit the driver, Spend 3.0502545833587646 seconds
2017-12-07 10:08:47,766 - root - INFO - ###############################  End  ###############################
Traceback (most recent call last):
  File "F:\DAE钱包\testcase\test_RegisterAndLogin.py", line 118, in test_b_emailIncludeIllegalChars
    self.dr.assertTrue(self.dr.get_element(DAE_PromptMessage.emailIncludeillegalChars).is_displayed())
AttributeError: 'PySelenium' object has no attribute 'assertTrue'


        </pre>
    </div>
    <!--css div popup end-->

    </td>
</tr>

<tr id='ft1.3' class='none'>
    <td class='errorCase'><div class='testcase'>test_b_register: 注册功能测试</div></td>
    <td colspan='5' align='center'>

    <!--css div popup start-->
    <a class="popup_link" onfocus='this.blur();' href="javascript:showTestDetail('div_ft1.3')" >
        错误</a>

    <div id='div_ft1.3' class="popup_window">
        <div style='text-align: right; color:red;cursor:pointer'>
        <a onfocus='this.blur();' onclick="document.getElementById('div_ft1.3').style.display = 'none' " >
           [x]</a>
        </div>
        <pre>
        
ft1.3: 2017-12-07 10:08:47,767 - root - INFO - ############################### START ###############################
2017-12-07 10:08:51,512 - root - INFO - SUCCESS    Start a new browser: chrome, Spend 3.7438807487487793 seconds
2017-12-07 10:08:52,920 - root - INFO - SUCCESS    Navigated to http://testing-wallet.intranet.szjys.com, Spend 1.407397747039795 seconds
2017-12-07 10:08:54,092 - root - INFO - SUCCESS    Set browser window maximized, Spend 1.170966625213623 seconds
2017-12-07 10:08:54,352 - root - INFO - SUCCESS    Clicked element: &lt;link_text-&gt;注册&gt;, Spend 0.25910091400146484 seconds
2017-12-07 10:08:56,177 - root - INFO - SUCCESS    Element &lt;name-&gt;username&gt; type content: yang,and sleep 0.5 seconds,input ENTER key, Spend 1.8248167037963867 seconds
2017-12-07 10:08:56,981 - root - INFO - SUCCESS    Element &lt;name-&gt;email&gt; type content: 123456789@qq.com,and sleep 0.5 seconds,input ENTER key, Spend 0.8015000820159912 seconds
2017-12-07 10:09:00,080 - root - INFO - SUCCESS    Closed all window and quit the driver, Spend 3.042384147644043 seconds
2017-12-07 10:09:00,081 - root - INFO - ###############################  End  ###############################
Traceback (most recent call last):
  File "F:\DAE钱包\testcase\test_RegisterAndLogin.py", line 71, in test_b_register
    registerPage.Type_VCode('123456')
  File "F:\DAE钱包\public\pages\DAE_RegisterPage.py", line 15, in Type_VCode
    sendCode_Button = self.dr.get_element(DAE_RegisterPageElement.sendCode_Button)
  File "F:\DAE钱包\public\common\pyselenium.py", line 122, in get_element
    element = self.driver.find_element_by_link_text(value)
  File "C:\Users\dell\AppData\Local\Programs\Python\Python36\lib\site-packages\selenium\webdriver\remote\webdriver.py", line 378, in find_element_by_link_text
    return self.find_element(by=By.LINK_TEXT, value=link_text)
  File "C:\Users\dell\AppData\Local\Programs\Python\Python36\lib\site-packages\selenium\webdriver\remote\webdriver.py", line 832, in find_element
    'value': value})['value']
  File "C:\Users\dell\AppData\Local\Programs\Python\Python36\lib\site-packages\selenium\webdriver\remote\webdriver.py", line 297, in execute
    self.error_handler.check_response(response)
  File "C:\Users\dell\AppData\Local\Programs\Python\Python36\lib\site-packages\selenium\webdriver\remote\errorhandler.py", line 194, in check_response
    raise exception_class(message, screen, stacktrace)
selenium.common.exceptions.NoSuchElementException: Message: no such element: Unable to locate element: {"method":"link text","selector":"发送验证码"}
  (Session info: chrome=55.0.2880.4)
  (Driver info: chromedriver=2.25.426923 (0390b88869384d6eb0d5d09729679f934aab9eed),platform=Windows NT 10.0.10240 x86_64)



        </pre>
    </div>
    <!--css div popup end-->

    </td>
</tr>

<tr id='ft1.4' class='none'>
    <td class='errorCase'><div class='testcase'>test_b_registerWithExistedEmail: 注册功能测试--邮箱已存在</div></td>
    <td colspan='5' align='center'>

    <!--css div popup start-->
    <a class="popup_link" onfocus='this.blur();' href="javascript:showTestDetail('div_ft1.4')" >
        错误</a>

    <div id='div_ft1.4' class="popup_window">
        <div style='text-align: right; color:red;cursor:pointer'>
        <a onfocus='this.blur();' onclick="document.getElementById('div_ft1.4').style.display = 'none' " >
           [x]</a>
        </div>
        <pre>
        
ft1.4: 2017-12-07 10:09:00,091 - root - INFO - ############################### START ###############################
2017-12-07 10:09:03,839 - root - INFO - SUCCESS    Start a new browser: chrome, Spend 3.748321056365967 seconds
2017-12-07 10:09:05,270 - root - INFO - SUCCESS    Navigated to http://testing-wallet.intranet.szjys.com, Spend 1.429347276687622 seconds
2017-12-07 10:09:06,447 - root - INFO - SUCCESS    Set browser window maximized, Spend 1.1752500534057617 seconds
2017-12-07 10:09:06,592 - root - INFO - SUCCESS    Clicked element: &lt;link_text-&gt;注册&gt;, Spend 0.14324259757995605 seconds
2017-12-07 10:09:08,437 - root - INFO - SUCCESS    Element &lt;name-&gt;username&gt; type content: yang123,and sleep 0.5 seconds,input ENTER key, Spend 1.8452458381652832 seconds
2017-12-07 10:09:09,207 - root - INFO - SUCCESS    Element &lt;name-&gt;email&gt; type content: yangmengying8977@dingtalk.com,and sleep 0.5 seconds,input ENTER key, Spend 0.7695457935333252 seconds
2017-12-07 10:09:12,277 - root - INFO - SUCCESS    Closed all window and quit the driver, Spend 3.047900915145874 seconds
2017-12-07 10:09:12,278 - root - INFO - ###############################  End  ###############################
Traceback (most recent call last):
  File "F:\DAE钱包\testcase\test_RegisterAndLogin.py", line 81, in test_b_registerWithExistedEmail
    registerPage.Type_VCode('123456')
  File "F:\DAE钱包\public\pages\DAE_RegisterPage.py", line 15, in Type_VCode
    sendCode_Button = self.dr.get_element(DAE_RegisterPageElement.sendCode_Button)
  File "F:\DAE钱包\public\common\pyselenium.py", line 122, in get_element
    element = self.driver.find_element_by_link_text(value)
  File "C:\Users\dell\AppData\Local\Programs\Python\Python36\lib\site-packages\selenium\webdriver\remote\webdriver.py", line 378, in find_element_by_link_text
    return self.find_element(by=By.LINK_TEXT, value=link_text)
  File "C:\Users\dell\AppData\Local\Programs\Python\Python36\lib\site-packages\selenium\webdriver\remote\webdriver.py", line 832, in find_element
    'value': value})['value']
  File "C:\Users\dell\AppData\Local\Programs\Python\Python36\lib\site-packages\selenium\webdriver\remote\webdriver.py", line 297, in execute
    self.error_handler.check_response(response)
  File "C:\Users\dell\AppData\Local\Programs\Python\Python36\lib\site-packages\selenium\webdriver\remote\errorhandler.py", line 194, in check_response
    raise exception_class(message, screen, stacktrace)
selenium.common.exceptions.NoSuchElementException: Message: no such element: Unable to locate element: {"method":"link text","selector":"发送验证码"}
  (Session info: chrome=55.0.2880.4)
  (Driver info: chromedriver=2.25.426923 (0390b88869384d6eb0d5d09729679f934aab9eed),platform=Windows NT 10.0.10240 x86_64)



        </pre>
    </div>
    <!--css div popup end-->

    </td>
</tr>

<tr id='ft1.5' class='none'>
    <td class='errorCase'><div class='testcase'>test_b_registerWithExistedNickname: 注册功能测试--昵称已存在</div></td>
    <td colspan='5' align='center'>

    <!--css div popup start-->
    <a class="popup_link" onfocus='this.blur();' href="javascript:showTestDetail('div_ft1.5')" >
        错误</a>

    <div id='div_ft1.5' class="popup_window">
        <div style='text-align: right; color:red;cursor:pointer'>
        <a onfocus='this.blur();' onclick="document.getElementById('div_ft1.5').style.display = 'none' " >
           [x]</a>
        </div>
        <pre>
        
ft1.5: 2017-12-07 10:09:12,279 - root - INFO - ############################### START ###############################
2017-12-07 10:09:15,994 - root - INFO - SUCCESS    Start a new browser: chrome, Spend 3.7144670486450195 seconds
2017-12-07 10:09:17,542 - root - INFO - SUCCESS    Navigated to http://testing-wallet.intranet.szjys.com, Spend 1.5474023818969727 seconds
2017-12-07 10:09:18,714 - root - INFO - SUCCESS    Set browser window maximized, Spend 1.1711137294769287 seconds
2017-12-07 10:09:19,030 - root - INFO - SUCCESS    Clicked element: &lt;link_text-&gt;注册&gt;, Spend 0.3150651454925537 seconds
2017-12-07 10:09:20,840 - root - INFO - SUCCESS    Element &lt;name-&gt;username&gt; type content: yang,and sleep 0.5 seconds,input ENTER key, Spend 1.8085353374481201 seconds
2017-12-07 10:09:21,457 - root - INFO - SUCCESS    Element &lt;name-&gt;email&gt; type content: ,and sleep 0.5 seconds,input ENTER key, Spend 0.6164467334747314 seconds
2017-12-07 10:09:24,500 - root - INFO - SUCCESS    Closed all window and quit the driver, Spend 3.042072296142578 seconds
2017-12-07 10:09:24,501 - root - INFO - ###############################  End  ###############################
Traceback (most recent call last):
  File "F:\DAE钱包\testcase\test_RegisterAndLogin.py", line 91, in test_b_registerWithExistedNickname
    self.dr.assertTrue(self.dr.get_element(DAE_PromptMessage.nickNameExist).is_displayed())
AttributeError: 'PySelenium' object has no attribute 'assertTrue'


        </pre>
    </div>
    <!--css div popup end-->

    </td>
</tr>

<tr id='ft1.6' class='none'>
    <td class='errorCase'><div class='testcase'>test_b_registerWithNicknameIncludeIllegalChars: 注册功能测试--昵称包含特殊字符</div></td>
    <td colspan='5' align='center'>

    <!--css div popup start-->
    <a class="popup_link" onfocus='this.blur();' href="javascript:showTestDetail('div_ft1.6')" >
        错误</a>

    <div id='div_ft1.6' class="popup_window">
        <div style='text-align: right; color:red;cursor:pointer'>
        <a onfocus='this.blur();' onclick="document.getElementById('div_ft1.6').style.display = 'none' " >
           [x]</a>
        </div>
        <pre>
        
ft1.6: 2017-12-07 10:09:24,502 - root - INFO - ############################### START ###############################
2017-12-07 10:09:28,210 - root - INFO - SUCCESS    Start a new browser: chrome, Spend 3.706862211227417 seconds
2017-12-07 10:09:29,687 - root - INFO - SUCCESS    Navigated to http://testing-wallet.intranet.szjys.com, Spend 1.4767041206359863 seconds
2017-12-07 10:09:30,844 - root - INFO - SUCCESS    Set browser window maximized, Spend 1.1565756797790527 seconds
2017-12-07 10:09:31,159 - root - INFO - SUCCESS    Clicked element: &lt;link_text-&gt;注册&gt;, Spend 0.3146390914916992 seconds
2017-12-07 10:09:32,957 - root - INFO - SUCCESS    Element &lt;name-&gt;username&gt; type content: 1@!,and sleep 0.5 seconds,input ENTER key, Spend 1.796098232269287 seconds
2017-12-07 10:09:33,563 - root - INFO - SUCCESS    Element &lt;name-&gt;email&gt; type content: ,and sleep 0.5 seconds,input ENTER key, Spend 0.6058263778686523 seconds
2017-12-07 10:09:36,616 - root - INFO - SUCCESS    Closed all window and quit the driver, Spend 3.0513722896575928 seconds
2017-12-07 10:09:36,617 - root - INFO - ###############################  End  ###############################
Traceback (most recent call last):
  File "F:\DAE钱包\testcase\test_RegisterAndLogin.py", line 109, in test_b_registerWithNicknameIncludeIllegalChars
    self.dr.assertTrue(self.dr.get_element(DAE_PromptMessage.nicknameIncludeillegalChars).is_displayed())
AttributeError: 'PySelenium' object has no attribute 'assertTrue'


        </pre>
    </div>
    <!--css div popup end-->

    </td>
</tr>

<tr id='ft1.7' class='none'>
    <td class='errorCase'><div class='testcase'>test_b_registerWithShortNickname: 注册功能测试--昵称长度过短</div></td>
    <td colspan='5' align='center'>

    <!--css div popup start-->
    <a class="popup_link" onfocus='this.blur();' href="javascript:showTestDetail('div_ft1.7')" >
        错误</a>

    <div id='div_ft1.7' class="popup_window">
        <div style='text-align: right; color:red;cursor:pointer'>
        <a onfocus='this.blur();' onclick="document.getElementById('div_ft1.7').style.display = 'none' " >
           [x]</a>
        </div>
        <pre>
        
ft1.7: 2017-12-07 10:09:36,620 - root - INFO - ############################### START ###############################
2017-12-07 10:09:40,168 - root - INFO - SUCCESS    Start a new browser: chrome, Spend 3.5464680194854736 seconds
2017-12-07 10:09:41,662 - root - INFO - SUCCESS    Navigated to http://testing-wallet.intranet.szjys.com, Spend 1.4939768314361572 seconds
2017-12-07 10:09:42,831 - root - INFO - SUCCESS    Set browser window maximized, Spend 1.168226957321167 seconds
2017-12-07 10:09:43,134 - root - INFO - SUCCESS    Clicked element: &lt;link_text-&gt;注册&gt;, Spend 0.30188751220703125 seconds
2017-12-07 10:09:44,041 - root - INFO - SUCCESS    Element &lt;name-&gt;username&gt; type content: 1一y,and sleep 0.5 seconds,input ENTER key, Spend 0.9062528610229492 seconds
2017-12-07 10:09:44,656 - root - INFO - SUCCESS    Element &lt;name-&gt;email&gt; type content: ,and sleep 0.5 seconds,input ENTER key, Spend 0.6120200157165527 seconds
2017-12-07 10:09:47,711 - root - INFO - SUCCESS    Closed all window and quit the driver, Spend 3.0545549392700195 seconds
2017-12-07 10:09:47,712 - root - INFO - ###############################  End  ###############################
Traceback (most recent call last):
  File "F:\DAE钱包\testcase\test_RegisterAndLogin.py", line 100, in test_b_registerWithShortNickname
    self.dr.assertTrue(self.dr.get_element(DAE_PromptMessage.nicknameFormatWrong).is_displayed())
AttributeError: 'PySelenium' object has no attribute 'assertTrue'


        </pre>
    </div>
    <!--css div popup end-->

    </td>
</tr>

<tr id='total_row'>
    <td>总计</td>
    <td>7</td>
    <td>0</td>
    <td>1</td>
    <td>6</td>
    <td>&nbsp;</td>
</tr>
</table>

<div id='ending'>&nbsp;</div>

</div>
</body>
</html>
