<?xml version="1.0" encoding="UTF-8"?>
<!DOCTYPE html PUBLIC "-//W3C//DTD XHTML 1.0 Strict//EN" "http://www.w3.org/TR/xhtml1/DTD/xhtml1-strict.dtd">
<html xmlns="http://www.w3.org/1999/xhtml">
<head>
    <title>UI自动化测试报告</title>
    <meta name="generator" content="HTMLTestRunner 0.8.3"/>
    <meta http-equiv="Content-Type" content="text/html; charset=UTF-8"/>
    
<style type="text/css" media="screen">
body        { font-family: verdana, arial, helvetica, sans-serif; font-size: 80%; }
table       { font-size: 100%; }
pre         { word-wrap:break-word;word-break:break-all;overflow:auto;}
/* -- heading ---------------------------------------------------------------------- */
h1 {
	font-size: 16pt;
	color: gray;
}
.heading {
    margin-top: 0ex;
    margin-bottom: 1ex;
}

.heading .attribute {
    margin-top: 1ex;
    margin-bottom: 0;
}

.heading .description {
    margin-top: 2ex;
    margin-bottom: 3ex;
}

/* -- css div popup ------------------------------------------------------------------------ */
a.popup_link {
}

a.popup_link:hover {
    color: red;
}

.popup_window {
    display: none;
    position: relative;
    left: 0px;
    top: 0px;
    /*border: solid #627173 1px; */
    padding: 10px;
    background-color: #E6E6D6;
    font-family: "Lucida Console", "Courier New", Courier, monospace;
    text-align: left;
    font-size: 8pt;
    /* width: 500px;*/
}

}
/* -- report ------------------------------------------------------------------------ */
#show_detail_line {
    margin-top: 3ex;
    margin-bottom: 1ex;
}
#result_table {
    width: 99%;
}
#header_row {
    font-weight: bold;
    color: white;
    background-color: #777;
}
#total_row  { font-weight: bold; }
.passClass  { background-color: #74A474; }
.failClass  { background-color: #FDD283; }
.errorClass { background-color: #FF6600; }
.passCase   { color: #6c6; }
.failCase   { color: #FF6600; font-weight: bold; }
.errorCase  { color: #c00; font-weight: bold; }
.hiddenRow  { display: none; }
.testcase   { margin-left: 2em; }


/* -- ending ---------------------------------------------------------------------- */
#ending {
}

#div_base {
            position:absolute;
            top:0%;
            left:5%;
            right:5%;
            width: auto;
            height: auto;
            margin: -15px 0 0 0;
}
</style>

    <link href="http://cdn.bootcss.com/bootstrap/3.3.0/css/bootstrap.min.css" rel="stylesheet">
</head>
<body>
<script language="javascript" type="text/javascript"><!--
output_list = Array();

/* level - 0:Summary; 1:Failed; 2:All */
function showCase(level) {
    trs = document.getElementsByTagName("tr");
    for (var i = 0; i < trs.length; i++) {
        tr = trs[i];
        id = tr.id;
        if (id.substr(0,2) == 'ft') {
            if (level < 1) {
                tr.className = 'hiddenRow';
            }
            else {
                tr.className = '';
            }
        }
        if (id.substr(0,2) == 'pt') {
            if (level > 1) {
                tr.className = '';
            }
            else {
                tr.className = 'hiddenRow';
            }
        }
    }
}


function showClassDetail(cid, count) {
    var id_list = Array(count);
    var toHide = 1;
    for (var i = 0; i < count; i++) {
        tid0 = 't' + cid.substr(1) + '.' + (i+1);
        tid = 'f' + tid0;
        tr = document.getElementById(tid);
        if (!tr) {
            tid = 'p' + tid0;
            tr = document.getElementById(tid);
        }
        id_list[i] = tid;
        if (tr.className) {
            toHide = 0;
        }
    }
    for (var i = 0; i < count; i++) {
        tid = id_list[i];
        if (toHide) {
            document.getElementById('div_'+tid).style.display = 'none'
            document.getElementById(tid).className = 'hiddenRow';
        }
        else {
            document.getElementById(tid).className = '';
        }
    }
}


function showTestDetail(div_id){
    var details_div = document.getElementById(div_id)
    var displayState = details_div.style.display
    // alert(displayState)
    if (displayState != 'block' ) {
        displayState = 'block'
        details_div.style.display = 'block'
    }
    else {
        details_div.style.display = 'none'
    }
}


function html_escape(s) {
    s = s.replace(/&/g,'&amp;');
    s = s.replace(/</g,'&lt;');
    s = s.replace(/>/g,'&gt;');
    return s;
}

/* obsoleted by detail in <div>
function showOutput(id, name) {
    var w = window.open("", //url
                    name,
                    "resizable,scrollbars,status,width=800,height=450");
    d = w.document;
    d.write("<pre>");
    d.write(html_escape(output_list[id]));
    d.write("\n");
    d.write("<a href='javascript:window.close()'>close</a>\n");
    d.write("</pre>\n");
    d.close();
}
*/
--></script>
<div id="div_base">

<div class='page-header'>
<h1>UI自动化测试报告</h1>
<p class='attribute'><strong>开始时间:</strong> 2017-12-07 13:47:25</p>
<p class='attribute'><strong>运行时长:</strong> 0:01:40.279219</p>
<p class='attribute'><strong>状态:</strong> 通过 4 失败 1 错误 2</p>

</div>
<p class='description'>Test the import testcase</p>



<div class="btn-group btn-group-sm">
<button class="btn btn-default" onclick='javascript:showCase(0)'>概括</button>
<button class="btn btn-default" onclick='javascript:showCase(1)'>失败</button>
<button class="btn btn-default" onclick='javascript:showCase(2)'>全部</button>
</div>
<p></p>
<table id='result_table' class="table table-bordered">
<colgroup>
<col align='left' />
<col align='right' />
<col align='right' />
<col align='right' />
<col align='right' />
<col align='right' />
</colgroup>
<tr id='header_row'>
    <td>测试套件/测试用例</td>
    <td>总数</td>
    <td>通过</td>
    <td>失败</td>
    <td>错误</td>
    <td>查看</td>
</tr>

<tr class='errorClass'>
    <td>test_RegisterAndLogin.TestHuiyin: DAE注册登录功能测试</td>
    <td>7</td>
    <td>4</td>
    <td>1</td>
    <td>2</td>
    <td><a href="javascript:showClassDetail('c1',7)">详情</a></td>
</tr>

<tr id='ft1.1' class='none'>
    <td class='failCase'><div class='testcase'>test_a_login: 登录功能测试</div></td>
    <td colspan='5' align='center'>

    <!--css div popup start-->
    <a class="popup_link" onfocus='this.blur();' href="javascript:showTestDetail('div_ft1.1')" >
        失败</a>

    <div id='div_ft1.1' class="popup_window">
        <div style='text-align: right; color:red;cursor:pointer'>
        <a onfocus='this.blur();' onclick="document.getElementById('div_ft1.1').style.display = 'none' " >
           [x]</a>
        </div>
        <pre>
        
ft1.1: 2017-12-07 13:47:25,256 - root - INFO - ############################### START ###############################
2017-12-07 13:47:28,953 - root - INFO - SUCCESS    Start a new browser: chrome, Spend 3.695216417312622 seconds
2017-12-07 13:47:30,422 - root - INFO - SUCCESS    Navigated to http://testing-wallet.intranet.szjys.com, Spend 1.467879056930542 seconds
2017-12-07 13:47:31,596 - root - INFO - SUCCESS    Set browser window maximized, Spend 1.1721384525299072 seconds
2017-12-07 13:47:31,740 - root - INFO - SUCCESS    Clicked element: &lt;link_text-&gt;登录&gt;, Spend 0.1423647403717041 seconds
2017-12-07 13:47:33,791 - root - INFO - SUCCESS    Element &lt;name-&gt;email&gt; type content: yangmengying8977@dingtalk.com,and sleep 0.5 seconds,input ENTER key, Spend 2.0506553649902344 seconds
2017-12-07 13:47:33,856 - root - INFO - SUCCESS    Clicked element: &lt;name-&gt;password&gt;, Spend 0.06417012214660645 seconds
2017-12-07 13:47:33,975 - root - INFO - SUCCESS    Typed element: &lt;name-&gt;password&gt; content: test123, Spend 0.1193079948425293 seconds
2017-12-07 13:47:34,173 - root - INFO - SUCCESS    Typed element: &lt;name-&gt;imageCode&gt; content: ['F', 'v', 'Q', 'O'], Spend 0.09525632858276367 seconds
2017-12-07 13:47:44,284 - root - INFO - SUCCESS    Get current window url, Spend 0.013463258743286133 seconds
2017-12-07 13:47:47,349 - root - INFO - SUCCESS    Closed all window and quit the driver, Spend 3.062370538711548 seconds
2017-12-07 13:47:47,350 - root - INFO - ###############################  End  ###############################
Traceback (most recent call last):
  File "F:\DAEWallet\testcase\test_RegisterAndLogin.py", line 62, in test_a_login
    self.assertEqual(self.dr.get_url(),'http://testing-wallet.intranet.szjys.com/wallet')
AssertionError: 'http://testing-wallet.intranet.szjys.com/login' != 'http://testing-wallet.intranet.szjys.com/wallet'
- http://testing-wallet.intranet.szjys.com/login
?                                           ^^^^
+ http://testing-wallet.intranet.szjys.com/wallet
?                                          ++ ^^^



        </pre>
    </div>
    <!--css div popup end-->

    </td>
</tr>

<tr id='pt1.2' class='hiddenRow'>
    <td class='none'><div class='testcase'>test_b_emailIncludeIllegalChars: 注册功能测试--邮箱账号包含特殊字符</div></td>
    <td colspan='5' align='center'>

    <!--css div popup start-->
    <a class="popup_link" onfocus='this.blur();' href="javascript:showTestDetail('div_pt1.2')" >
        通过</a>

    <div id='div_pt1.2' class="popup_window">
        <div style='text-align: right; color:red;cursor:pointer'>
        <a onfocus='this.blur();' onclick="document.getElementById('div_pt1.2').style.display = 'none' " >
           [x]</a>
        </div>
        <pre>
        
pt1.2: 2017-12-07 13:47:47,352 - root - INFO - ############################### START ###############################
2017-12-07 13:47:50,888 - root - INFO - SUCCESS    Start a new browser: chrome, Spend 3.5340726375579834 seconds
2017-12-07 13:47:52,337 - root - INFO - SUCCESS    Navigated to http://testing-wallet.intranet.szjys.com, Spend 1.4484961032867432 seconds
2017-12-07 13:47:53,521 - root - INFO - SUCCESS    Set browser window maximized, Spend 1.1826872825622559 seconds
2017-12-07 13:47:53,771 - root - INFO - SUCCESS    Clicked element: &lt;link_text-&gt;注册&gt;, Spend 0.24789834022521973 seconds
2017-12-07 13:47:55,647 - root - INFO - SUCCESS    Element &lt;name-&gt;username&gt; type content: yangyangyang,and sleep 0.5 seconds,input ENTER key, Spend 1.8760292530059814 seconds
2017-12-07 13:47:56,384 - root - INFO - SUCCESS    Element &lt;name-&gt;email&gt; type content: 123rjfkd！@#￥f,d,and sleep 0.5 seconds,input ENTER key, Spend 0.7354567050933838 seconds
2017-12-07 13:47:59,478 - root - INFO - SUCCESS    Closed all window and quit the driver, Spend 3.04689884185791 seconds
2017-12-07 13:47:59,478 - root - INFO - ###############################  End  ###############################


        </pre>
    </div>
    <!--css div popup end-->

    </td>
</tr>

<tr id='ft1.3' class='none'>
    <td class='errorCase'><div class='testcase'>test_b_register: 注册功能测试</div></td>
    <td colspan='5' align='center'>

    <!--css div popup start-->
    <a class="popup_link" onfocus='this.blur();' href="javascript:showTestDetail('div_ft1.3')" >
        错误</a>

    <div id='div_ft1.3' class="popup_window">
        <div style='text-align: right; color:red;cursor:pointer'>
        <a onfocus='this.blur();' onclick="document.getElementById('div_ft1.3').style.display = 'none' " >
           [x]</a>
        </div>
        <pre>
        
ft1.3: 2017-12-07 13:47:59,479 - root - INFO - ############################### START ###############################
2017-12-07 13:48:02,945 - root - INFO - SUCCESS    Start a new browser: chrome, Spend 3.4650683403015137 seconds
2017-12-07 13:48:04,469 - root - INFO - SUCCESS    Navigated to http://testing-wallet.intranet.szjys.com, Spend 1.5236351490020752 seconds
2017-12-07 13:48:05,628 - root - INFO - SUCCESS    Set browser window maximized, Spend 1.1575157642364502 seconds
2017-12-07 13:48:05,877 - root - INFO - SUCCESS    Clicked element: &lt;link_text-&gt;注册&gt;, Spend 0.2484421730041504 seconds
2017-12-07 13:48:07,731 - root - INFO - SUCCESS    Element &lt;name-&gt;username&gt; type content: yangaaa,and sleep 0.5 seconds,input ENTER key, Spend 1.8527255058288574 seconds
2017-12-07 13:48:08,395 - root - INFO - SUCCESS    Element &lt;name-&gt;email&gt; type content: 1234567890@qq.com,and sleep 0.5 seconds,input ENTER key, Spend 0.6627614498138428 seconds
2017-12-07 13:48:08,542 - root - INFO - SUCCESS    Typed element: &lt;name-&gt;vcode&gt; content: 123456, Spend 0.10177063941955566 seconds
2017-12-07 13:48:13,620 - root - INFO - FAIL    Unable to click element: &lt;name-&gt;password&gt;, Spend 5.077007293701172 seconds
2017-12-07 13:48:16,678 - root - INFO - SUCCESS    Closed all window and quit the driver, Spend 3.0567996501922607 seconds
2017-12-07 13:48:16,679 - root - INFO - ###############################  End  ###############################
Traceback (most recent call last):
  File "F:\DAEWallet\testcase\test_RegisterAndLogin.py", line 72, in test_b_register
    registerPage.setPassword('123456','123456')
  File "F:\DAEWallet\public\pages\DAE_RegisterPage.py", line 25, in setPassword
    self.dr.click(DAE_RegisterPageElement.password_Input)
  File "F:\DAEWallet\public\common\pyselenium.py", line 261, in click
    self.element_wait(css)
  File "F:\DAEWallet\public\common\pyselenium.py", line 90, in element_wait
    WebDriverWait(self.driver, secs, 1).until(EC.presence_of_element_located((By.NAME, value)), messages)
  File "C:\Users\dell\AppData\Local\Programs\Python\Python36\lib\site-packages\selenium\webdriver\support\wait.py", line 80, in until
    raise TimeoutException(message, screen, stacktrace)
selenium.common.exceptions.TimeoutException: Message: Element: name-&gt;password not found in 5 seconds.



        </pre>
    </div>
    <!--css div popup end-->

    </td>
</tr>

<tr id='pt1.4' class='hiddenRow'>
    <td class='none'><div class='testcase'>test_b_registerWithExistedEmail: 注册功能测试--邮箱已存在</div></td>
    <td colspan='5' align='center'>

    <!--css div popup start-->
    <a class="popup_link" onfocus='this.blur();' href="javascript:showTestDetail('div_pt1.4')" >
        通过</a>

    <div id='div_pt1.4' class="popup_window">
        <div style='text-align: right; color:red;cursor:pointer'>
        <a onfocus='this.blur();' onclick="document.getElementById('div_pt1.4').style.display = 'none' " >
           [x]</a>
        </div>
        <pre>
        
pt1.4: 2017-12-07 13:48:16,682 - root - INFO - ############################### START ###############################
2017-12-07 13:48:20,447 - root - INFO - SUCCESS    Start a new browser: chrome, Spend 3.763953924179077 seconds
2017-12-07 13:48:22,005 - root - INFO - SUCCESS    Navigated to http://testing-wallet.intranet.szjys.com, Spend 1.5543410778045654 seconds
2017-12-07 13:48:23,183 - root - INFO - SUCCESS    Set browser window maximized, Spend 1.1759076118469238 seconds
2017-12-07 13:48:23,527 - root - INFO - SUCCESS    Clicked element: &lt;link_text-&gt;注册&gt;, Spend 0.34347057342529297 seconds
2017-12-07 13:48:24,475 - root - INFO - SUCCESS    Element &lt;name-&gt;username&gt; type content: yang123,and sleep 0.5 seconds,input ENTER key, Spend 0.9487452507019043 seconds
2017-12-07 13:48:25,314 - root - INFO - SUCCESS    Element &lt;name-&gt;email&gt; type content: yangmengying8977@dingtalk.com,and sleep 0.5 seconds,input ENTER key, Spend 0.8367257118225098 seconds
2017-12-07 13:48:25,479 - root - INFO - SUCCESS    Typed element: &lt;name-&gt;vcode&gt; content: 123456, Spend 0.10277295112609863 seconds
2017-12-07 13:48:28,581 - root - INFO - SUCCESS    Closed all window and quit the driver, Spend 3.0469436645507812 seconds
2017-12-07 13:48:28,582 - root - INFO - ###############################  End  ###############################


        </pre>
    </div>
    <!--css div popup end-->

    </td>
</tr>

<tr id='pt1.5' class='hiddenRow'>
    <td class='none'><div class='testcase'>test_b_registerWithExistedNickname: 注册功能测试--昵称已存在</div></td>
    <td colspan='5' align='center'>

    <!--css div popup start-->
    <a class="popup_link" onfocus='this.blur();' href="javascript:showTestDetail('div_pt1.5')" >
        通过</a>

    <div id='div_pt1.5' class="popup_window">
        <div style='text-align: right; color:red;cursor:pointer'>
        <a onfocus='this.blur();' onclick="document.getElementById('div_pt1.5').style.display = 'none' " >
           [x]</a>
        </div>
        <pre>
        
pt1.5: 2017-12-07 13:48:28,583 - root - INFO - ############################### START ###############################
2017-12-07 13:48:32,353 - root - INFO - SUCCESS    Start a new browser: chrome, Spend 3.7690582275390625 seconds
2017-12-07 13:48:33,878 - root - INFO - SUCCESS    Navigated to http://testing-wallet.intranet.szjys.com, Spend 1.5239348411560059 seconds
2017-12-07 13:48:35,034 - root - INFO - SUCCESS    Set browser window maximized, Spend 1.1545708179473877 seconds
2017-12-07 13:48:35,341 - root - INFO - SUCCESS    Clicked element: &lt;link_text-&gt;注册&gt;, Spend 0.3058152198791504 seconds
2017-12-07 13:48:37,149 - root - INFO - SUCCESS    Element &lt;name-&gt;username&gt; type content: yang,and sleep 0.5 seconds,input ENTER key, Spend 1.807391881942749 seconds
2017-12-07 13:48:37,772 - root - INFO - SUCCESS    Element &lt;name-&gt;email&gt; type content: ,and sleep 0.5 seconds,input ENTER key, Spend 0.6216535568237305 seconds
2017-12-07 13:48:40,856 - root - INFO - SUCCESS    Closed all window and quit the driver, Spend 3.044713258743286 seconds
2017-12-07 13:48:40,857 - root - INFO - ###############################  End  ###############################


        </pre>
    </div>
    <!--css div popup end-->

    </td>
</tr>

<tr id='pt1.6' class='hiddenRow'>
    <td class='none'><div class='testcase'>test_b_registerWithNicknameIncludeIllegalChars: 注册功能测试--昵称包含特殊字符</div></td>
    <td colspan='5' align='center'>

    <!--css div popup start-->
    <a class="popup_link" onfocus='this.blur();' href="javascript:showTestDetail('div_pt1.6')" >
        通过</a>

    <div id='div_pt1.6' class="popup_window">
        <div style='text-align: right; color:red;cursor:pointer'>
        <a onfocus='this.blur();' onclick="document.getElementById('div_pt1.6').style.display = 'none' " >
           [x]</a>
        </div>
        <pre>
        
pt1.6: 2017-12-07 13:48:40,858 - root - INFO - ############################### START ###############################
2017-12-07 13:48:44,401 - root - INFO - SUCCESS    Start a new browser: chrome, Spend 3.5411882400512695 seconds
2017-12-07 13:48:46,194 - root - INFO - SUCCESS    Navigated to http://testing-wallet.intranet.szjys.com, Spend 1.7919549942016602 seconds
2017-12-07 13:48:47,333 - root - INFO - SUCCESS    Set browser window maximized, Spend 1.138737678527832 seconds
2017-12-07 13:48:47,685 - root - INFO - SUCCESS    Clicked element: &lt;link_text-&gt;注册&gt;, Spend 0.35175585746765137 seconds
2017-12-07 13:48:49,479 - root - INFO - SUCCESS    Element &lt;name-&gt;username&gt; type content: 1@!,and sleep 0.5 seconds,input ENTER key, Spend 1.792585849761963 seconds
2017-12-07 13:48:50,097 - root - INFO - SUCCESS    Element &lt;name-&gt;email&gt; type content: ,and sleep 0.5 seconds,input ENTER key, Spend 0.6171455383300781 seconds
2017-12-07 13:48:53,205 - root - INFO - SUCCESS    Closed all window and quit the driver, Spend 3.0561347007751465 seconds
2017-12-07 13:48:53,206 - root - INFO - ###############################  End  ###############################


        </pre>
    </div>
    <!--css div popup end-->

    </td>
</tr>

<tr id='ft1.7' class='none'>
    <td class='errorCase'><div class='testcase'>test_b_registerWithShortNickname: 注册功能测试--昵称长度过短</div></td>
    <td colspan='5' align='center'>

    <!--css div popup start-->
    <a class="popup_link" onfocus='this.blur();' href="javascript:showTestDetail('div_ft1.7')" >
        错误</a>

    <div id='div_ft1.7' class="popup_window">
        <div style='text-align: right; color:red;cursor:pointer'>
        <a onfocus='this.blur();' onclick="document.getElementById('div_ft1.7').style.display = 'none' " >
           [x]</a>
        </div>
        <pre>
        
ft1.7: 2017-12-07 13:48:53,207 - root - INFO - ############################### START ###############################
2017-12-07 13:48:57,003 - root - INFO - SUCCESS    Start a new browser: chrome, Spend 3.795076370239258 seconds
2017-12-07 13:48:58,462 - root - INFO - SUCCESS    Navigated to http://testing-wallet.intranet.szjys.com, Spend 1.4582462310791016 seconds
2017-12-07 13:48:59,633 - root - INFO - SUCCESS    Set browser window maximized, Spend 1.1693744659423828 seconds
2017-12-07 13:48:59,950 - root - INFO - SUCCESS    Clicked element: &lt;link_text-&gt;注册&gt;, Spend 0.3170511722564697 seconds
2017-12-07 13:49:01,805 - root - INFO - SUCCESS    Element &lt;name-&gt;username&gt; type content: 1一y,and sleep 0.5 seconds,input ENTER key, Spend 1.8527913093566895 seconds
2017-12-07 13:49:02,433 - root - INFO - SUCCESS    Element &lt;name-&gt;email&gt; type content: ,and sleep 0.5 seconds,input ENTER key, Spend 0.6281709671020508 seconds
2017-12-07 13:49:05,532 - root - INFO - SUCCESS    Closed all window and quit the driver, Spend 3.064578056335449 seconds
2017-12-07 13:49:05,532 - root - INFO - ###############################  End  ###############################
Traceback (most recent call last):
  File "F:\DAEWallet\testcase\test_RegisterAndLogin.py", line 102, in test_b_registerWithShortNickname
    self.assertTrue(self.dr.get_element(DAE_PromptMessage.nicknameFormatWrong).is_displayed())
  File "F:\DAEWallet\public\common\pyselenium.py", line 124, in get_element
    element = self.driver.find_element_by_xpath(value)
  File "C:\Users\dell\AppData\Local\Programs\Python\Python36\lib\site-packages\selenium\webdriver\remote\webdriver.py", line 354, in find_element_by_xpath
    return self.find_element(by=By.XPATH, value=xpath)
  File "C:\Users\dell\AppData\Local\Programs\Python\Python36\lib\site-packages\selenium\webdriver\remote\webdriver.py", line 832, in find_element
    'value': value})['value']
  File "C:\Users\dell\AppData\Local\Programs\Python\Python36\lib\site-packages\selenium\webdriver\remote\webdriver.py", line 297, in execute
    self.error_handler.check_response(response)
  File "C:\Users\dell\AppData\Local\Programs\Python\Python36\lib\site-packages\selenium\webdriver\remote\errorhandler.py", line 194, in check_response
    raise exception_class(message, screen, stacktrace)
selenium.common.exceptions.InvalidSelectorException: Message: invalid selector: Unable to locate an element with the xpath expression //*[contains(text(),4-20个字符)] because of the following error:
SyntaxError: Failed to execute 'evaluate' on 'Document': The string '//*[contains(text(),4-20个字符)]' is not a valid XPath expression.
  (Session info: chrome=55.0.2880.4)
  (Driver info: chromedriver=2.25.426923 (0390b88869384d6eb0d5d09729679f934aab9eed),platform=Windows NT 10.0.10240 x86_64)



        </pre>
    </div>
    <!--css div popup end-->

    </td>
</tr>

<tr id='total_row'>
    <td>总计</td>
    <td>7</td>
    <td>4</td>
    <td>1</td>
    <td>2</td>
    <td>&nbsp;</td>
</tr>
</table>

<div id='ending'>&nbsp;</div>

</div>
</body>
</html>
